obot: Hello abraham h sheriff.
Robot: You are registered.
Robot: Attention. Please listen to the exam rules.
Error on request:
Traceback (most recent call last):
  File "/home/fyplg/Desktop/pi/venv/lib/python3.13/site-packages/werkzeug/serving.py", line 334, in execute
    write(data)
    ~~~~~^^^^^^
  File "/home/fyplg/Desktop/pi/venv/lib/python3.13/site-packages/werkzeug/serving.py", line 307, in write
    self.wfile.write(b"\r\n")
    ~~~~~~~~~~~~~~~~^^^^^^^^^
  File "/usr/lib/python3.13/socketserver.py", line 845, in write
    self._sock.sendall(b)
    ~~~~~~~~~~~~~~~~~~^^^
BrokenPipeError: [Errno 32] Broken pipe

During handling of the above exception, another exception occurred:

Traceback (most recent call last):
  File "/home/fyplg/Desktop/pi/venv/lib/python3.13/site-packages/werkzeug/serving.py", line 370, in run_wsgi
    execute(self.server.app)
    ~~~~~~~^^^^^^^^^^^^^^^^^
  File "/home/fyplg/Desktop/pi/venv/lib/python3.13/site-packages/werkzeug/serving.py", line 367, in execute
    application_iter.close()
    ~~~~~~~~~~~~~~~~~~~~~~^^
  File "/home/fyplg/Desktop/pi/venv/lib/python3.13/site-packages/werkzeug/wsgi.py", line 260, in close
    callback()
    ~~~~~~~~^^
  File "/home/fyplg/Desktop/pi/venv/lib/python3.13/site-packages/werkzeug/wrappers/response.py", line 403, in close
    self.response.close()
    ~~~~~~~~~~~~~~~~~~~^^
RuntimeError: generator ignored GeneratorExit
Exception ignored in: <generator object generate_frames at 0x7fff951047c0>
Traceback (most recent call last):
  File "/home/fyplg/Desktop/pi/venv/lib/python3.13/site-packages/werkzeug/serving.py", line 393, in run_wsgi
    self.server.log("error", f"Error on request:\n{msg}")
RuntimeError: generator ignored GeneratorExit
Robot: No phones or smart watches are allowed in the exam hall or during the exam.
Robot: Failure to follow these rules will result in the dismissal of the test.
Robot: You may enter now.
Robot: Next student.
Robot: Hi. Look directly at the camera. Remove anything covering your face.
Robot: Access denied. You are not recognized.
Robot: Please try again. If the problem continues, contact the administration.
Error on request:
Traceback (most recent call last):
  File "/home/fyplg/Desktop/pi/venv/lib/python3.13/site-packages/werkzeug/serving.py", line 334, in execute
    write(data)
    ~~~~~^^^^^^
  File "/home/fyplg/Desktop/pi/venv/lib/python3.13/site-packages/werkzeug/serving.py", line 307, in write
    self.wfile.write(b"\r\n")
    ~~~~~~~~~~~~~~~~^^^^^^^^^
  File "/usr/lib/python3.13/socketserver.py", line 845, in write
    self._sock.sendall(b)
    ~~~~~~~~~~~~~~~~~~^^^
BrokenPipeError: [Errno 32] Broken pipe

During handling of the above exception, another exception occurred:

Traceback (most recent call last):
  File "/home/fyplg/Desktop/pi/venv/lib/python3.13/site-packages/werkzeug/serving.py", line 370, in run_wsgi
    execute(self.server.app)
    ~~~~~~~^^^^^^^^^^^^^^^^^
  File "/home/fyplg/Desktop/pi/venv/lib/python3.13/site-packages/werkzeug/serving.py", line 367, in execute
    application_iter.close()
    ~~~~~~~~~~~~~~~~~~~~~~^^
  File "/home/fyplg/Desktop/pi/venv/lib/python3.13/site-packages/werkzeug/wsgi.py", line 260, in close
    callback()
    ~~~~~~~~^^
  File "/home/fyplg/Desktop/pi/venv/lib/python3.13/site-packages/werkzeug/wrappers/response.py", line 403, in close
    self.response.close()
    ~~~~~~~~~~~~~~~~~~~^^
RuntimeError: generator ignored GeneratorExit
Exception ignored in: <generator object generate_frames at 0x7fff9506e4d0>
Traceback (most recent call last):
  File "/home/fyplg/Desktop/pi/venv/lib/python3.13/site-packages/werkzeug/serving.py", line 393, in run_wsgi
    self.server.log("error", f"Error on request:\n{msg}")
RuntimeError: generator ignored GeneratorExit
Robot: Hi. Look directly at the camera. Remove anything covering your face.
 [DENIED] Saved: denied_pics/DENIED_not_recognized_20260127_133157.jpg
Robot: Access denied. You are not recognized.
Robot: Please try again. If the problem continues, contact the administration.
Robot: Hi. Look directly at the camera. Remove anything covering your face.
 [DENIED] Saved: denied_pics/DENIED_not_recognized_20260127_133206.jpg
Robot: Access denied. You are not recognized.
Robot: Please try again. If the problem continues, contact the administration.


